[2015-09-25 20:02:36] START
[2015-09-25 20:03:33] EDIT blog_platform/models/db.py: 34
[2015-09-25 20:03:54] EDIT blog_platform/models/db.py: -31
[2015-09-25 20:04:31] EDIT blog_platform/controllers/default.py: -7
[2015-09-25 20:04:49] EDIT blog_platform/views/default/index.html: -29
[2015-09-25 20:05:26] EDIT blog_platform/views/default/index.html: -2
[2015-09-25 20:07:21] EDIT blog_platform/models/db.py: 0
[2015-09-25 20:21:04] EDIT blog_platform/views/default/index.html: 0
[2015-09-25 20:21:46] EDIT blog_platform/views/default/index.html: -1
[2015-09-25 20:23:15] EDIT blog_platform/views/default/index.html: 0
[2015-09-25 20:23:27] EDIT blog_platform/views/default/index.html: 0
[2015-09-25 20:23:39] EDIT blog_platform/views/default/index.html: 0
[2015-09-25 20:24:19] EDIT blog_platform/views/default/index.html: 0
[2015-09-25 20:24:39] EDIT blog_platform/views/default/index.html: 0
[2015-09-25 20:25:36] EDIT blog_platform/controllers/default.py: 1
[2015-09-25 20:25:52] EDIT blog_platform/controllers/default.py: 0
[2015-09-25 20:29:05] EDIT blog_platform/views/default/index.html: 0
[2015-09-25 20:30:18] EDIT blog_platform/views/default/index.html: 2
[2015-09-25 20:30:51] EDIT blog_platform/views/default/index.html: 0
[2015-09-25 20:31:24] EDIT blog_platform/views/default/index.html: 0
[2015-09-25 20:31:36] EDIT blog_platform/views/default/index.html: 0
[2015-09-25 20:32:04] EDIT blog_platform/views/default/index.html: 0
[2015-09-25 20:33:17] EDIT blog_platform/views/default/index.html: 3
[2015-09-25 20:33:41] EDIT blog_platform/views/default/index.html: 0
[2015-09-25 20:33:53] EDIT blog_platform/views/default/index.html: 0
[2015-09-25 20:34:06] EDIT blog_platform/views/default/index.html: 0
[2015-09-25 20:34:17] EDIT blog_platform/views/default/index.html: 0
[2015-09-25 20:35:14] EDIT blog_platform/views/default/index.html: 0
[2015-09-25 20:35:23] EDIT blog_platform/views/default/index.html: 0
[2015-09-25 20:35:27] EDIT blog_platform/views/default/index.html: 0
[2015-09-25 20:35:31] EDIT blog_platform/views/default/index.html: 0
[2015-09-25 20:36:31] EDIT blog_platform/views/default/index.html: -1
[2015-09-25 20:37:06] EDIT blog_platform/views/default/index.html: 0
[2015-09-25 20:37:29] EDIT blog_platform/views/default/index.html: -1
