timestamp: 2015-09-25T20:02:42.211992
CREATE TABLE auth_user(
    id INTEGER PRIMARY KEY AUTOINCREMENT,
    first_name CHAR(128),
    last_name CHAR(128),
    email CHAR(512),
    password CHAR(512),
    registration_key CHAR(512),
    reset_password_key CHAR(512),
    registration_id CHAR(512)
);
success!
timestamp: 2015-09-25T20:02:42.233494
CREATE TABLE auth_group(
    id INTEGER PRIMARY KEY AUTOINCREMENT,
    role CHAR(512),
    description TEXT
);
success!
timestamp: 2015-09-25T20:02:42.237518
CREATE TABLE auth_membership(
    id INTEGER PRIMARY KEY AUTOINCREMENT,
    user_id INTEGER REFERENCES auth_user (id) ON DELETE CASCADE  ,
    group_id INTEGER REFERENCES auth_group (id) ON DELETE CASCADE  
);
success!
timestamp: 2015-09-25T20:02:42.257995
CREATE TABLE auth_permission(
    id INTEGER PRIMARY KEY AUTOINCREMENT,
    group_id INTEGER REFERENCES auth_group (id) ON DELETE CASCADE  ,
    name CHAR(512),
    table_name CHAR(512),
    record_id INTEGER
);
success!
timestamp: 2015-09-25T20:02:42.259985
CREATE TABLE auth_event(
    id INTEGER PRIMARY KEY AUTOINCREMENT,
    time_stamp TIMESTAMP,
    client_ip CHAR(512),
    user_id INTEGER REFERENCES auth_user (id) ON DELETE CASCADE  ,
    origin CHAR(512),
    description TEXT
);
success!
timestamp: 2015-09-25T20:02:42.265788
CREATE TABLE auth_cas(
    id INTEGER PRIMARY KEY AUTOINCREMENT,
    user_id INTEGER REFERENCES auth_user (id) ON DELETE CASCADE  ,
    created_on TIMESTAMP,
    service CHAR(512),
    ticket CHAR(512),
    renew CHAR(1)
);
success!
timestamp: 2015-09-25T20:04:14.959624
CREATE TABLE image(
    id INTEGER PRIMARY KEY AUTOINCREMENT,
    title CHAR(512) UNIQUE,
    file CHAR(512)
);
success!
timestamp: 2015-09-25T20:04:14.991495
CREATE TABLE username(
    id INTEGER PRIMARY KEY AUTOINCREMENT,
    user_name CHAR(512) UNIQUE
);
success!
timestamp: 2015-09-25T20:04:15.021225
CREATE TABLE comment(
    id INTEGER PRIMARY KEY AUTOINCREMENT,
    author CHAR(512),
    body CHAR(512),
    date TIMESTAMP
);
success!
timestamp: 2015-09-25T20:04:15.045421
CREATE TABLE post(
    id INTEGER PRIMARY KEY AUTOINCREMENT,
    title CHAR(512),
    body CHAR(512),
    author INTEGER REFERENCES username (id) ON DELETE CASCADE  ,
    date TIMESTAMP,
    comments TEXT,
    tags TEXT
);
success!
timestamp: 2015-09-25T20:04:15.079918
CREATE TABLE club(
    id INTEGER PRIMARY KEY AUTOINCREMENT,
    name CHAR(512) UNIQUE,
    city CHAR(512) UNIQUE,
    state CHAR(512)
);
success!
timestamp: 2015-09-25T20:04:15.101836
CREATE TABLE user(
    id INTEGER PRIMARY KEY AUTOINCREMENT,
    first_name CHAR(512),
    last_name CHAR(512),
    username INTEGER REFERENCES username (id) ON DELETE CASCADE  ,
    email CHAR(512) UNIQUE,
    photo_id INTEGER REFERENCES image (id) ON DELETE CASCADE  ,
    post TEXT,
    club INTEGER REFERENCES club (id) ON DELETE CASCADE  
);
success!
success!
